1626209312794	geckodriver	INFO	Listening on 127.0.0.1:63004
1626209315892	mozrunner::runner	INFO	Running command: "C:\\Program Files\\Mozilla Firefox\\firefox.exe" "--marionette" "-foreground" "-no-remote" "-profile" "C:\\Users\\Stark\\AppData\\Local\\Temp\\rust_mozprofileDlkIMq"
1626209316979	Marionette	INFO	Marionette enabled
console.warn: SearchSettings: "get: No settings file exists, new profile?" (new Error("", "(unknown module)"))
1626209320575	Marionette	INFO	Listening on port 52636
1626209320754	Marionette	WARN	TLS certificate errors will be ignored for this session
1626209322484	Marionette	INFO	Stopped listening on port 52636
1626209360417	geckodriver	INFO	Listening on 127.0.0.1:50742
1626209363497	mozrunner::runner	INFO	Running command: "C:\\Program Files\\Mozilla Firefox\\firefox.exe" "--marionette" "-foreground" "-no-remote" "-profile" "C:\\Users\\Stark\\AppData\\Local\\Temp\\rust_mozprofileZE4lWc"
1626209363926	Marionette	INFO	Marionette enabled
console.warn: SearchSettings: "get: No settings file exists, new profile?" (new Error("", "(unknown module)"))
1626209366142	Marionette	INFO	Listening on port 55687
1626209366209	Marionette	WARN	TLS certificate errors will be ignored for this session
1626209370714	Marionette	INFO	Stopped listening on port 55687

###!!! [Child][RunMessage] Error: Channel closing: too late to send/recv, messages will be lost

1626209422521	geckodriver	INFO	Listening on 127.0.0.1:50886
1626209425568	mozrunner::runner	INFO	Running command: "C:\\Program Files\\Mozilla Firefox\\firefox.exe" "--marionette" "-foreground" "-no-remote" "-profile" "C:\\Users\\Stark\\AppData\\Local\\Temp\\rust_mozprofilebnHJXo"
1626209425980	Marionette	INFO	Marionette enabled
console.warn: SearchSettings: "get: No settings file exists, new profile?" (new Error("", "(unknown module)"))
1626209428426	Marionette	INFO	Listening on port 62024
1626209428765	Marionette	WARN	TLS certificate errors will be ignored for this session
1626209435219	Marionette	INFO	Stopped listening on port 62024
1626209645560	geckodriver	INFO	Listening on 127.0.0.1:61665
1626209648595	mozrunner::runner	INFO	Running command: "C:\\Program Files\\Mozilla Firefox\\firefox.exe" "--marionette" "-foreground" "-no-remote" "-profile" "C:\\Users\\Stark\\AppData\\Local\\Temp\\rust_mozprofiledwsQLT"
1626209649058	Marionette	INFO	Marionette enabled
console.warn: SearchSettings: "get: No settings file exists, new profile?" (new Error("", "(unknown module)"))
1626209651475	Marionette	INFO	Listening on port 59994
1626209651807	Marionette	WARN	TLS certificate errors will be ignored for this session
1626209658279	Marionette	INFO	Stopped listening on port 59994
1626209678928	geckodriver	INFO	Listening on 127.0.0.1:57537
1626209682013	mozrunner::runner	INFO	Running command: "C:\\Program Files\\Mozilla Firefox\\firefox.exe" "--marionette" "-foreground" "-no-remote" "-profile" "C:\\Users\\Stark\\AppData\\Local\\Temp\\rust_mozprofile0Lmihp"
1626209682462	Marionette	INFO	Marionette enabled
console.warn: SearchSettings: "get: No settings file exists, new profile?" (new Error("", "(unknown module)"))
1626209684890	Marionette	INFO	Listening on port 63780
1626209685219	Marionette	WARN	TLS certificate errors will be ignored for this session
1626209691668	Marionette	INFO	Stopped listening on port 63780

###!!! [Child][RunMessage] Error: Channel closing: too late to send/recv, messages will be lost

1626209803414	geckodriver	INFO	Listening on 127.0.0.1:58808
1626209806512	mozrunner::runner	INFO	Running command: "C:\\Program Files\\Mozilla Firefox\\firefox.exe" "--marionette" "-foreground" "-no-remote" "-profile" "C:\\Users\\Stark\\AppData\\Local\\Temp\\rust_mozprofiled7NmX3"
1626209806963	Marionette	INFO	Marionette enabled
console.warn: SearchSettings: "get: No settings file exists, new profile?" (new Error("", "(unknown module)"))
1626209809607	Marionette	INFO	Listening on port 58975
1626209809754	Marionette	WARN	TLS certificate errors will be ignored for this session
1626209816217	Marionette	INFO	Stopped listening on port 58975

###!!! [Child][RunMessage] Error: Channel closing: too late to send/recv, messages will be lost

1626209874686	geckodriver	INFO	Listening on 127.0.0.1:51486
1626209877742	mozrunner::runner	INFO	Running command: "C:\\Program Files\\Mozilla Firefox\\firefox.exe" "--marionette" "-foreground" "-no-remote" "-profile" "C:\\Users\\Stark\\AppData\\Local\\Temp\\rust_mozprofile5fAjz3"
1626209878165	Marionette	INFO	Marionette enabled
console.warn: SearchSettings: "get: No settings file exists, new profile?" (new Error("", "(unknown module)"))
1626209880428	Marionette	INFO	Listening on port 53247
1626209880465	Marionette	WARN	TLS certificate errors will be ignored for this session
1626209886970	Marionette	INFO	Stopped listening on port 53247

###!!! [Child][RunMessage] Error: Channel closing: too late to send/recv, messages will be lost

1626209971402	geckodriver	INFO	Listening on 127.0.0.1:54080
1626209974462	mozrunner::runner	INFO	Running command: "C:\\Program Files\\Mozilla Firefox\\firefox.exe" "--marionette" "-foreground" "-no-remote" "-profile" "C:\\Users\\Stark\\AppData\\Local\\Temp\\rust_mozprofileYpSkTK"
1626209974899	Marionette	INFO	Marionette enabled
console.warn: SearchSettings: "get: No settings file exists, new profile?" (new Error("", "(unknown module)"))
1626209977079	Marionette	INFO	Listening on port 50300
1626209977194	Marionette	WARN	TLS certificate errors will be ignored for this session
1626209987831	Marionette	INFO	Stopped listening on port 50300

###!!! [Child][RunMessage] Error: Channel closing: too late to send/recv, messages will be lost

1626210003900	geckodriver	INFO	Listening on 127.0.0.1:54057
1626210006993	mozrunner::runner	INFO	Running command: "C:\\Program Files\\Mozilla Firefox\\firefox.exe" "--marionette" "-foreground" "-no-remote" "-profile" "C:\\Users\\Stark\\AppData\\Local\\Temp\\rust_mozprofilexdzBFz"
1626210007440	Marionette	INFO	Marionette enabled
console.warn: SearchSettings: "get: No settings file exists, new profile?" (new Error("", "(unknown module)"))
1626210009665	Marionette	INFO	Listening on port 60152
1626210009707	Marionette	WARN	TLS certificate errors will be ignored for this session
1626210037976	Marionette	INFO	Stopped listening on port 60152

###!!! [Child][RunMessage] Error: Channel closing: too late to send/recv, messages will be lost

1626210044103	geckodriver	INFO	Listening on 127.0.0.1:54629
1626210047177	mozrunner::runner	INFO	Running command: "C:\\Program Files\\Mozilla Firefox\\firefox.exe" "--marionette" "-foreground" "-no-remote" "-profile" "C:\\Users\\Stark\\AppData\\Local\\Temp\\rust_mozprofilerYqtuv"
1626210047623	Marionette	INFO	Marionette enabled
console.warn: SearchSettings: "get: No settings file exists, new profile?" (new Error("", "(unknown module)"))
1626210049826	Marionette	INFO	Listening on port 58076
1626210049896	Marionette	WARN	TLS certificate errors will be ignored for this session
[Parent 14848, IPC I/O Parent] WARNING: file /builds/worker/checkouts/gecko/ipc/chromium/src/base/process_util_win.cc:167
1626210056466	Marionette	INFO	Stopped listening on port 58076

###!!! [Child][RunMessage] Error: Channel closing: too late to send/recv, messages will be lost

1626210061275	geckodriver	INFO	Listening on 127.0.0.1:65117
1626210064342	mozrunner::runner	INFO	Running command: "C:\\Program Files\\Mozilla Firefox\\firefox.exe" "--marionette" "-foreground" "-no-remote" "-profile" "C:\\Users\\Stark\\AppData\\Local\\Temp\\rust_mozprofilenogXRr"
1626210064794	Marionette	INFO	Marionette enabled
console.warn: SearchSettings: "get: No settings file exists, new profile?" (new Error("", "(unknown module)"))
1626210067024	Marionette	INFO	Listening on port 52383
1626210067554	Marionette	WARN	TLS certificate errors will be ignored for this session
1626210081009	Marionette	INFO	Stopped listening on port 52383

###!!! [Child][RunMessage] Error: Channel closing: too late to send/recv, messages will be lost

1626210082929	geckodriver	INFO	Listening on 127.0.0.1:59800
1626210085997	mozrunner::runner	INFO	Running command: "C:\\Program Files\\Mozilla Firefox\\firefox.exe" "--marionette" "-foreground" "-no-remote" "-profile" "C:\\Users\\Stark\\AppData\\Local\\Temp\\rust_mozprofileFYAHg1"
1626210086438	Marionette	INFO	Marionette enabled
console.warn: SearchSettings: "get: No settings file exists, new profile?" (new Error("", "(unknown module)"))
1626210088767	Marionette	INFO	Listening on port 56311
1626210089191	Marionette	WARN	TLS certificate errors will be ignored for this session
1626210102588	Marionette	INFO	Stopped listening on port 56311

###!!! [Child][RunMessage] Error: Channel closing: too late to send/recv, messages will be lost

1626210107946	geckodriver	INFO	Listening on 127.0.0.1:51587
1626210111002	mozrunner::runner	INFO	Running command: "C:\\Program Files\\Mozilla Firefox\\firefox.exe" "--marionette" "-foreground" "-no-remote" "-profile" "C:\\Users\\Stark\\AppData\\Local\\Temp\\rust_mozprofileVVy0QU"
1626210111444	Marionette	INFO	Marionette enabled
console.warn: SearchSettings: "get: No settings file exists, new profile?" (new Error("", "(unknown module)"))
1626210113831	Marionette	INFO	Listening on port 56824
1626210114211	Marionette	WARN	TLS certificate errors will be ignored for this session
1626210137722	Marionette	INFO	Stopped listening on port 56824

###!!! [Child][RunMessage] Error: Channel closing: too late to send/recv, messages will be lost

1626210219887	geckodriver	INFO	Listening on 127.0.0.1:62380
1626210222957	mozrunner::runner	INFO	Running command: "C:\\Program Files\\Mozilla Firefox\\firefox.exe" "--marionette" "-foreground" "-no-remote" "-profile" "C:\\Users\\Stark\\AppData\\Local\\Temp\\rust_mozprofilemsyMyP"
1626210223395	Marionette	INFO	Marionette enabled
console.warn: SearchSettings: "get: No settings file exists, new profile?" (new Error("", "(unknown module)"))
1626210225671	Marionette	INFO	Listening on port 61742
1626210226173	Marionette	WARN	TLS certificate errors will be ignored for this session
1626210230654	Marionette	INFO	Stopped listening on port 61742

###!!! [Child][RunMessage] Error: Channel closing: too late to send/recv, messages will be lost

1626210256128	geckodriver	INFO	Listening on 127.0.0.1:59886
1626210259220	mozrunner::runner	INFO	Running command: "C:\\Program Files\\Mozilla Firefox\\firefox.exe" "--marionette" "-foreground" "-no-remote" "-profile" "C:\\Users\\Stark\\AppData\\Local\\Temp\\rust_mozprofileqFuiim"
1626210259814	Marionette	INFO	Marionette enabled
console.warn: SearchSettings: "get: No settings file exists, new profile?" (new Error("", "(unknown module)"))
1626210262255	Marionette	INFO	Listening on port 62064
1626210262455	Marionette	WARN	TLS certificate errors will be ignored for this session
1626210285927	Marionette	INFO	Stopped listening on port 62064

###!!! [Child][RunMessage] Error: Channel closing: too late to send/recv, messages will be lost

1626210349510	geckodriver	INFO	Listening on 127.0.0.1:53243
1626210352543	mozrunner::runner	INFO	Running command: "C:\\Program Files\\Mozilla Firefox\\firefox.exe" "--marionette" "-foreground" "-no-remote" "-profile" "C:\\Users\\Stark\\AppData\\Local\\Temp\\rust_mozprofile7t2tuJ"
1626210353125	Marionette	INFO	Marionette enabled
console.warn: SearchSettings: "get: No settings file exists, new profile?" (new Error("", "(unknown module)"))
1626210355400	Marionette	INFO	Listening on port 50177
1626210355772	Marionette	WARN	TLS certificate errors will be ignored for this session
1626210363500	Marionette	INFO	Stopped listening on port 50177

###!!! [Child][RunMessage] Error: Channel closing: too late to send/recv, messages will be lost

1626210379962	geckodriver	INFO	Listening on 127.0.0.1:57669
1626210383053	mozrunner::runner	INFO	Running command: "C:\\Program Files\\Mozilla Firefox\\firefox.exe" "--marionette" "-foreground" "-no-remote" "-profile" "C:\\Users\\Stark\\AppData\\Local\\Temp\\rust_mozprofileM15xfq"
1626210383466	Marionette	INFO	Marionette enabled
console.warn: SearchSettings: "get: No settings file exists, new profile?" (new Error("", "(unknown module)"))
1626210385689	Marionette	INFO	Listening on port 57354
1626210385785	Marionette	WARN	TLS certificate errors will be ignored for this session
1626210412267	Marionette	INFO	Stopped listening on port 57354

###!!! [Child][RunMessage] Error: Channel closing: too late to send/recv, messages will be lost


###!!! [Child][RunMessage] Error: Channel closing: too late to send/recv, messages will be lost

1626213018582	geckodriver	INFO	Listening on 127.0.0.1:54074
1626213021621	mozrunner::runner	INFO	Running command: "C:\\Program Files\\Mozilla Firefox\\firefox.exe" "--marionette" "-foreground" "-no-remote" "-profile" "C:\\Users\\Stark\\AppData\\Local\\Temp\\rust_mozprofileozJsKM"
1626213022034	Marionette	INFO	Marionette enabled
console.warn: SearchSettings: "get: No settings file exists, new profile?" (new Error("", "(unknown module)"))
1626213024474	Marionette	INFO	Listening on port 54585
1626213024844	Marionette	WARN	TLS certificate errors will be ignored for this session
1626213032077	Marionette	INFO	Stopped listening on port 54585
1626213032812	geckodriver	INFO	Listening on 127.0.0.1:59920
1626213035879	mozrunner::runner	INFO	Running command: "C:\\Program Files\\Mozilla Firefox\\firefox.exe" "--marionette" "-foreground" "-no-remote" "-profile" "C:\\Users\\Stark\\AppData\\Local\\Temp\\rust_mozprofileP6YnjG"
1626213036305	Marionette	INFO	Marionette enabled
console.warn: SearchSettings: "get: No settings file exists, new profile?" (new Error("", "(unknown module)"))
1626213038591	Marionette	INFO	Listening on port 56744
1626213039101	Marionette	WARN	TLS certificate errors will be ignored for this session
1626213310668	Marionette	INFO	Stopped listening on port 56744

###!!! [Child][RunMessage] Error: Channel closing: too late to send/recv, messages will be lost

"--marionette" "-foreground" "-no-remote" "-profile" "C:\\Users\\Stark\\AppData\\Local\\Temp\\rust_mozprofileESjK6h"
1626213236249	Marionette	INFO	Marionette enabled
console.warn: SearchSettings: "get: No settings file exists, new profile?" (new Error("", "(unknown module)"))
1626213238508	Marionette	INFO	Listening on port 56815
1626213239008	Marionette	WARN	TLS certificate errors will be ignored for this session
1626213239025	Marionette	INFO	Stopped listening on port 56815

###!!! [Child][RunMessage] Error: Channel closing: too late to send/recv, messages will be lost

1626213266160	geckodriver	INFO	Listening on 127.0.0.1:64351
1626213269229	mozrunner::runner	INFO	Running command: "C:\\Program Files\\Mozilla Firefox\\firefox.exe" "--marionette" "-foreground" "-no-remote" "-profile" "C:\\Users\\Stark\\AppData\\Local\\Temp\\rust_mozprofilePHZHKw"
1626213269676	Marionette	INFO	Marionette enabled
console.warn: SearchSettings: "get: No settings file exists, new profile?" (new Error("", "(unknown module)"))
1626213271899	Marionette	INFO	Listening on port 64750
1626213272425	Marionette	WARN	TLS certificate errors will be ignored for this session
1626213279701	Marionette	INFO	Stopped listening on port 64750

###!!! [Child][RunMessage] Error: Channel closing: too late to send/recv, messages will be lost

1626213280428	geckodriver	INFO	Listening on 127.0.0.1:53417
1626213283485	mozrunner::runner	INFO	Running command: "C:\\Program Files\\Mozilla Firefox\\firefox.exe" "--marionette" "-foreground" "-no-remote" "-profile" "C:\\Users\\Stark\\AppData\\Local\\Temp\\rust_mozprofileSwx3ZN"
1626213283909	Marionette	INFO	Marionette enabled
console.warn: SearchSettings: "get: No settings file exists, new profile?" (new Error("", "(unknown module)"))
1626213286150	Marionette	INFO	Listening on port 61000
1626213286236	Marionette	WARN	TLS certificate errors will be ignored for this session
1626213311650	Marionette	INFO	Stopped listening on port 61000

###!!! [Child][RunMessage] Error: Channel closing: too late to send/recv, messages will be lost

1626213332483	geckodriver	INFO	Listening on 127.0.0.1:65514
1626213335557	mozrunner::runner	INFO	Running command: "C:\\Program Files\\Mozilla Firefox\\firefox.exe" "--marionette" "-foreground" "-no-remote" "-profile" "C:\\Users\\Stark\\AppData\\Local\\Temp\\rust_mozprofileFrj7e4"
1626213336003	Marionette	INFO	Marionette enabled
console.warn: SearchSettings: "get: No settings file exists, new profile?" (new Error("", "(unknown module)"))
console.warn: services.settings: main/message-groups sync interrupted by shutdown
console.warn: services.settings: main/cfr-fxa sync interrupted by shutdown
console.warn: SearchService: "_init: abandoning init due to shutting down"
JavaScript error: , line 0: uncaught exception: 2147500036
JavaScript error: , line 0: uncaught exception: 2147500036
JavaScript error: , line 0: uncaught exception: 2147500036
JavaScript error: , line 0: uncaught exception: 2147500036
JavaScript error: , line 0: uncaught exception: 2147500036
console.warn: services.settings: main/cfr sync interrupted by shutdown
console.error: Region.jsm: "Error fetching region" (new TypeError("NetworkError when attempting to fetch resource.", ""))
console.error: Region.jsm: "Failed to fetch region" (new Error("NO_RESULT", "resource://gre/modules/Region.jsm", 419))

###!!! [Child][RunMessage] Error: Channel closing: too late to send/recv, messages will be lost

1626213341646	geckodriver	INFO	Listening on 127.0.0.1:50889
1626213344728	mozrunner::runner	INFO	Running command: "C:\\Program Files\\Mozilla Firefox\\firefox.exe" "--marionette" "-foreground" "-no-remote" "-profile" "C:\\Users\\Stark\\AppData\\Local\\Temp\\rust_mozprofileyHOwTl"
1626213345159	Marionette	INFO	Marionette enabled
console.warn: SearchSettings: "get: No settings file exists, new profile?" (new Error("", "(unknown module)"))
1626213347441	Marionette	INFO	Listening on port 55461
1626213347934	Marionette	WARN	TLS certificate errors will be ignored for this session
1626213355311	Marionette	INFO	Stopped listening on port 55461
1626213355981	geckodriver	INFO	Listening on 127.0.0.1:50741
1626213359047	mozrunner::runner	INFO	Running command: "C:\\Program Files\\Mozilla Firefox\\firefox.exe" "--marionette" "-foreground" "-no-remote" "-profile" "C:\\Users\\Stark\\AppData\\Local\\Temp\\rust_mozprofileZdc3a3"
1626213359470	Marionette	INFO	Marionette enabled
console.warn: SearchSettings: "get: No settings file exists, new profile?" (new Error("", "(unknown module)"))
1626213361792	Marionette	INFO	Listening on port 50126
1626213362233	Marionette	WARN	TLS certificate errors will be ignored for this session
1626213379559	Marionette	INFO	Stopped listening on port 50126

###!!! [Child][RunMessage] Error: Channel closing: too late to send/recv, messages will be lost

1626213393599	geckodriver	INFO	Listening on 127.0.0.1:58207
1626213396696	mozrunner::runner	INFO	Running command: "C:\\Program Files\\Mozilla Firefox\\firefox.exe" "--marionette" "-foreground" "-no-remote" "-profile" "C:\\Users\\Stark\\AppData\\Local\\Temp\\rust_mozprofileaCfED7"
1626213397112	Marionette	INFO	Marionette enabled
console.warn: SearchSettings: "get: No settings file exists, new profile?" (new Error("", "(unknown module)"))
1626213399371	Marionette	INFO	Listening on port 57277
1626213399403	Marionette	WARN	TLS certificate errors will be ignored for this session
1626213514139	Marionette	INFO	Stopped listening on port 57277

###!!! [Child][RunMessage] Error: Channel closing: too late to send/recv, messages will be lost

1626213515143	geckodriver	INFO	Listening on 127.0.0.1:63535
1626213518238	mozrunner::runner	INFO	Running command: "C:\\Program Files\\Mozilla Firefox\\firefox.exe" "--marionette" "-foreground" "-no-remote" "-profile" "C:\\Users\\Stark\\AppData\\Local\\Temp\\rust_mozprofileLn9o1Q"
1626213518682	Marionette	INFO	Marionette enabled
console.warn: SearchSettings: "get: No settings file exists, new profile?" (new Error("", "(unknown module)"))
1626213521046	Marionette	INFO	Listening on port 61697
1626213521429	Marionette	WARN	TLS certificate errors will be ignored for this session
1626213534455	Marionette	INFO	Stopped listening on port 61697

###!!! [Child][RunMessage] Error: Channel closing: too late to send/recv, messages will be lost

1626213539827	geckodriver	INFO	Listening on 127.0.0.1:57315
1626213542879	mozrunner::runner	INFO	Running command: "C:\\Program Files\\Mozilla Firefox\\firefox.exe" "--marionette" "-foreground" "-no-remote" "-profile" "C:\\Users\\Stark\\AppData\\Local\\Temp\\rust_mozprofileHDdfmc"
1626213543329	Marionette	INFO	Marionette enabled
console.warn: SearchSettings: "get: No settings file exists, new profile?" (new Error("", "(unknown module)"))
1626213545586	Marionette	INFO	Listening on port 55499
1626213546105	Marionette	WARN	TLS certificate errors will be ignored for this session
1626213553330	Marionette	INFO	Stopped listening on port 55499
1626213554029	geckodriver	INFO	Listening on 127.0.0.1:60981
1626213557112	mozrunner::runner	INFO	Running command: "C:\\Program Files\\Mozilla Firefox\\firefox.exe" "--marionette" "-foreground" "-no-remote" "-profile" "C:\\Users\\Stark\\AppData\\Local\\Temp\\rust_mozprofilemoJJQ5"
1626213557552	Marionette	INFO	Marionette enabled
console.warn: SearchSettings: "get: No settings file exists, new profile?" (new Error("", "(unknown module)"))
console.warn: SearchService: "_init: abandoning init due to shutting down"
JavaScript error: , line 0: uncaught exception: 2147500036
JavaScript error: , line 0: uncaught exception: 2147500036
JavaScript error: , line 0: uncaught exception: 2147500036
JavaScript error: , line 0: uncaught exception: 2147500036
JavaScript error: , line 0: uncaught exception: 2147500036
1626213559896	Marionette	INFO	Listening on port 58336
console.warn: services.settings: main/cfr-fxa sync interrupted by shutdown
console.warn: services.settings: main/cfr sync interrupted by shutdown
[Parent 19572, IPC I/O Parent] WARNING: file /builds/worker/checkouts/gecko/ipc/chromium/src/base/process_util_win.cc:167
1626213560269	Marionette	INFO	Stopped listening on port 58336

###!!! [Child][RunMessage] Error: Channel closing: too late to send/recv, messages will be lost

JavaScript error: resource://gre/modules/osfile/osfile_native.jsm, line 64: NS_ERROR_NOT_INITIALIZED: Component returned failure code: 0xc1f30001 (NS_ERROR_NOT_INITIALIZED) [nsINativeOSFileInternalsService.read]
1626213596608	geckodriver	INFO	Listening on 127.0.0.1:59577
1626213599696	mozrunner::runner	INFO	Running command: "C:\\Program Files\\Mozilla Firefox\\firefox.exe" "--marionette" "-foreground" "-no-remote" "-profile" "C:\\Users\\Stark\\AppData\\Local\\Temp\\rust_mozprofile49k8JY"
1626213600146	Marionette	INFO	Marionette enabled
console.warn: SearchSettings: "get: No settings file exists, new profile?" (new Error("", "(unknown module)"))
1626213602425	Marionette	INFO	Listening on port 65281
1626213602896	Marionette	WARN	TLS certificate errors will be ignored for this session
1626213806708	Marionette	INFO	Stopped listening on port 65281

###!!! [Child][RunMessage] Error: Channel closing: too late to send/recv, messages will be lost

1626213816051	geckodriver	INFO	Listening on 127.0.0.1:65075
1626213819131	mozrunner::runner	INFO	Running command: "C:\\Program Files\\Mozilla Firefox\\firefox.exe" "--marionette" "-foreground" "-no-remote" "-profile" "C:\\Users\\Stark\\AppData\\Local\\Temp\\rust_mozprofilezVLtLY"
1626213819599	Marionette	INFO	Marionette enabled
console.warn: SearchSettings: "get: No settings file exists, new profile?" (new Error("", "(unknown module)"))
1626213821799	Marionette	INFO	Listening on port 55585
1626213821861	Marionette	WARN	TLS certificate errors will be ignored for this session
1626213835617	Marionette	INFO	Stopped listening on port 55585

###!!! [Child][RunMessage] Error: Channel closing: too late to send/recv, messages will be lost

1626213841057	geckodriver	INFO	Listening on 127.0.0.1:49903
1626213844125	mozrunner::runner	INFO	Running command: "C:\\Program Files\\Mozilla Firefox\\firefox.exe" "--marionette" "-foreground" "-no-remote" "-profile" "C:\\Users\\Stark\\AppData\\Local\\Temp\\rust_mozprofilexLPcK2"
1626213844556	Marionette	INFO	Marionette enabled
console.warn: SearchSettings: "get: No settings file exists, new profile?" (new Error("", "(unknown module)"))
1626213846854	Marionette	INFO	Listening on port 55048
1626213847312	Marionette	WARN	TLS certificate errors will be ignored for this session
1626213896481	Marionette	INFO	Stopped listening on port 55048
1626213906392	geckodriver	INFO	Listening on 127.0.0.1:61126
1626213909448	mozrunner::runner	INFO	Running command: "C:\\Program Files\\Mozilla Firefox\\firefox.exe" "--marionette" "-foreground" "-no-remote" "-profile" "C:\\Users\\Stark\\AppData\\Local\\Temp\\rust_mozprofile0weGlP"
1626213909863	Marionette	INFO	Marionette enabled
console.warn: SearchSettings: "get: No settings file exists, new profile?" (new Error("", "(unknown module)"))
1626213912130	Marionette	INFO	Listening on port 58917
1626213912671	Marionette	WARN	TLS certificate errors will be ignored for this session
1626213937375	Marionette	INFO	Stopped listening on port 58917

###!!! [Child][RunMessage] Error: Channel closing: too late to send/recv, messages will be lost

1626213943105	geckodriver	INFO	Listening on 127.0.0.1:64155
1626213946184	mozrunner::runner	INFO	Running command: "C:\\Program Files\\Mozilla Firefox\\firefox.exe" "--marionette" "-foreground" "-no-remote" "-profile" "C:\\Users\\Stark\\AppData\\Local\\Temp\\rust_mozprofileyjcV2Q"
1626213946611	Marionette	INFO	Marionette enabled
console.warn: SearchSettings: "get: No settings file exists, new profile?" (new Error("", "(unknown module)"))
1626213948794	Marionette	INFO	Listening on port 64631
1626213948917	Marionette	WARN	TLS certificate errors will be ignored for this session
[Parent 13744, IPC I/O Parent] WARNING: file /builds/worker/checkouts/gecko/ipc/chromium/src/base/process_util_win.cc:167
1626213990644	geckodriver	INFO	Listening on 127.0.0.1:64751
1626213993698	mozrunner::runner	INFO	Running command: "C:\\Program Files\\Mozilla Firefox\\firefox.exe" "--marionette" "-foreground" "-no-remote" "-profile" "C:\\Users\\Stark\\AppData\\Local\\Temp\\rust_mozprofile8dASg9"
1626213994128	Marionette	INFO	Marionette enabled
console.warn: SearchSettings: "get: No settings file exists, new profile?" (new Error("", "(unknown module)"))
1626213996386	Marionette	INFO	Listening on port 54691
1626213996913	Marionette	WARN	TLS certificate errors will be ignored for this session
1626214029772	Marionette	WARN	TimedPromise timed out after 500 ms: stacktrace:
TimedPromise/<@chrome://marionette/content/sync.js:237:19
TimedPromise@chrome://marionette/content/sync.js:222:10
interaction.flushEventLoop@chrome://marionette/content/interaction.js:431:10
webdriverClickElement@chrome://marionette/content/interaction.js:179:31
1626214192560	geckodriver	INFO	Listening on 127.0.0.1:57413
1626214195632	mozrunner::runner	INFO	Running command: "C:\\Program Files\\Mozilla Firefox\\firefox.exe" "--marionette" "-foreground" "-no-remote" "-profile" "C:\\Users\\Stark\\AppData\\Local\\Temp\\rust_mozprofileey87PP"
1626214196088	Marionette	INFO	Marionette enabled
console.warn: SearchSettings: "get: No settings file exists, new profile?" (new Error("", "(unknown module)"))
1626214198570	Marionette	INFO	Listening on port 54880
1626214198866	Marionette	WARN	TLS certificate errors will be ignored for this session
1626214226193	Marionette	INFO	Stopped listening on port 54880
6214204337	mozrunner::runner	INFO	Running command: "C:\\Program Files\\Mozilla Firefox\\firefox.exe" "--marionette" "-foreground" "-no-remote" "-profile" "C:\\Users\\Stark\\AppData\\Local\\Temp\\rust_mozprofileX0UtXG"
1626214204756	Marionette	INFO	Marionette enabled
console.warn: SearchSettings: "get: No settings file exists, new profile?" (new Error("", "(unknown module)"))
1626214207205	Marionette	INFO	Listening on port 63583
1626214207543	Marionette	WARN	TLS certificate errors will be ignored for this session
1626214207564	Marionette	INFO	Stopped listening on port 63583

###!!! [Child][RunMessage] Error: Channel closing: too late to send/recv, messages will be lost

1626214480072	geckodriver	INFO	Listening on 127.0.0.1:55391
1626214483140	mozrunner::runner	INFO	Running command: "C:\\Program Files\\Mozilla Firefox\\firefox.exe" "--marionette" "-foreground" "-no-remote" "-profile" "C:\\Users\\Stark\\AppData\\Local\\Temp\\rust_mozprofiley7Zo75"
1626214483576	Marionette	INFO	Marionette enabled
console.warn: SearchSettings: "get: No settings file exists, new profile?" (new Error("", "(unknown module)"))
1626214485848	Marionette	INFO	Listening on port 56336
1626214486333	Marionette	WARN	TLS certificate errors will be ignored for this session
1626214519376	Marionette	INFO	Stopped listening on port 56336

###!!! [Child][RunMessage] Error: Channel closing: too late to send/recv, messages will be lost

"--marionette" "-foreground" "-no-remote" "-profile" "C:\\Users\\Stark\\AppData\\Local\\Temp\\rust_mozprofileKZGJuz"
1626214492072	Marionette	INFO	Marionette enabled
console.warn: SearchSettings: "get: No settings file exists, new profile?" (new Error("", "(unknown module)"))
1626214494493	Marionette	INFO	Listening on port 61058
1626214494852	Marionette	WARN	TLS certificate errors will be ignored for this session
1626214518971	Marionette	INFO	Stopped listening on port 61058

###!!! [Child][RunMessage] Error: Channel closing: too late to send/recv, messages will be lost

"--marionette" "-foreground" "-no-remote" "-profile" "C:\\Users\\Stark\\AppData\\Local\\Temp\\rust_mozprofilem3Acsl"
1626214500562	Marionette	INFO	Marionette enabled
console.warn: SearchSettings: "get: No settings file exists, new profile?" (new Error("", "(unknown module)"))
1626214502958	Marionette	INFO	Listening on port 50280
1626214503340	Marionette	WARN	TLS certificate errors will be ignored for this session
1626214518492	Marionette	INFO	Stopped listening on port 50280

###!!! [Child][RunMessage] Error: Channel closing: too late to send/recv, messages will be lost

"--marionette" "-foreground" "-no-remote" "-profile" "C:\\Users\\Stark\\AppData\\Local\\Temp\\rust_mozprofileY9jz44"
1626214509047	Marionette	INFO	Marionette enabled
console.warn: SearchSettings: "get: No settings file exists, new profile?" (new Error("", "(unknown module)"))
1626214511471	Marionette	INFO	Listening on port 54728
1626214511759	Marionette	WARN	TLS certificate errors will be ignored for this session
1626214517898	Marionette	INFO	Stopped listening on port 54728

###!!! [Child][RunMessage] Error: Channel closing: too late to send/recv, messages will be lost

1626214609117	geckodriver	INFO	Listening on 127.0.0.1:58597
1626214612195	mozrunner::runner	INFO	Running command: "C:\\Program Files\\Mozilla Firefox\\firefox.exe" "--marionette" "-foreground" "-no-remote" "-profile" "C:\\Users\\Stark\\AppData\\Local\\Temp\\rust_mozprofileYip8JE"
1626214612801	Marionette	INFO	Marionette enabled
console.warn: SearchSettings: "get: No settings file exists, new profile?" (new Error("", "(unknown module)"))
1626214615462	Marionette	INFO	Listening on port 50780
1626214615910	Marionette	WARN	TLS certificate errors will be ignored for this session
1626214618039	Marionette	INFO	Stopped listening on port 50780

###!!! [Child][RunMessage] Error: Channel closing: too late to send/recv, messages will be lost

1626214618713	geckodriver	INFO	Listening on 127.0.0.1:59941
1626214621805	mozrunner::runner	INFO	Running command: "C:\\Program Files\\Mozilla Firefox\\firefox.exe" "--marionette" "-foreground" "-no-remote" "-profile" "C:\\Users\\Stark\\AppData\\Local\\Temp\\rust_mozprofile0XbAif"
1626214622236	Marionette	INFO	Marionette enabled
console.warn: SearchSettings: "get: No settings file exists, new profile?" (new Error("", "(unknown module)"))
1626214624457	Marionette	INFO	Listening on port 59061
1626214624510	Marionette	WARN	TLS certificate errors will be ignored for this session
1626214626690	Marionette	INFO	Stopped listening on port 59061

###!!! [Child][RunMessage] Error: Channel closing: too late to send/recv, messages will be lost

1626214627363	geckodriver	INFO	Listening on 127.0.0.1:58796
1626214630457	mozrunner::runner	INFO	Running command: "C:\\Program Files\\Mozilla Firefox\\firefox.exe" "--marionette" "-foreground" "-no-remote" "-profile" "C:\\Users\\Stark\\AppData\\Local\\Temp\\rust_mozprofileCYoxS5"
1626214630905	Marionette	INFO	Marionette enabled
console.warn: SearchSettings: "get: No settings file exists, new profile?" (new Error("", "(unknown module)"))
1626214633137	Marionette	INFO	Listening on port 49717
1626214633184	Marionette	WARN	TLS certificate errors will be ignored for this session
1626214648537	Marionette	INFO	Stopped listening on port 49717

###!!! [Child][RunMessage] Error: Channel closing: too late to send/recv, messages will be lost

"--marionette" "-foreground" "-no-remote" "-profile" "C:\\Users\\Stark\\AppData\\Local\\Temp\\rust_mozprofile1jGkIi"
1626214639056	Marionette	INFO	Marionette enabled
console.warn: SearchSettings: "get: No settings file exists, new profile?" (new Error("", "(unknown module)"))
1626214641327	Marionette	INFO	Listening on port 53023
1626214641853	Marionette	WARN	TLS certificate errors will be ignored for this session
1626214644099	Marionette	INFO	Stopped listening on port 53023
JavaScript error: resource://gre/modules/UrlClassifierListManager.jsm, line 691: TypeError: this.tablesData[table] is undefined

###!!! [Child][RunMessage] Error: Channel closing: too late to send/recv, messages will be lost

1626214693855	geckodriver	INFO	Listening on 127.0.0.1:58094
1626214696924	mozrunner::runner	INFO	Running command: "C:\\Program Files\\Mozilla Firefox\\firefox.exe" "--marionette" "-foreground" "-no-remote" "-profile" "C:\\Users\\Stark\\AppData\\Local\\Temp\\rust_mozprofileTCOXER"
1626214697344	Marionette	INFO	Marionette enabled
console.warn: SearchSettings: "get: No settings file exists, new profile?" (new Error("", "(unknown module)"))
1626214699536	Marionette	INFO	Listening on port 65332
1626214699643	Marionette	WARN	TLS certificate errors will be ignored for this session
1626214701804	Marionette	INFO	Stopped listening on port 65332

###!!! [Child][RunMessage] Error: Channel closing: too late to send/recv, messages will be lost

1626214702487	geckodriver	INFO	Listening on 127.0.0.1:60804
1626214705565	mozrunner::runner	INFO	Running command: "C:\\Program Files\\Mozilla Firefox\\firefox.exe" "--marionette" "-foreground" "-no-remote" "-profile" "C:\\Users\\Stark\\AppData\\Local\\Temp\\rust_mozprofile4w8nMO"
1626214706020	Marionette	INFO	Marionette enabled
console.warn: SearchSettings: "get: No settings file exists, new profile?" (new Error("", "(unknown module)"))
1626214708434	Marionette	INFO	Listening on port 50063
1626214708791	Marionette	WARN	TLS certificate errors will be ignored for this session
1626214710925	Marionette	INFO	Stopped listening on port 50063

###!!! [Child][RunMessage] Error: Channel closing: too late to send/recv, messages will be lost

1626214711589	geckodriver	INFO	Listening on 127.0.0.1:56704
1626214714662	mozrunner::runner	INFO	Running command: "C:\\Program Files\\Mozilla Firefox\\firefox.exe" "--marionette" "-foreground" "-no-remote" "-profile" "C:\\Users\\Stark\\AppData\\Local\\Temp\\rust_mozprofileag0cXq"
1626214715096	Marionette	INFO	Marionette enabled
console.warn: SearchSettings: "get: No settings file exists, new profile?" (new Error("", "(unknown module)"))
1626214717418	Marionette	INFO	Listening on port 53696
1626214717908	Marionette	WARN	TLS certificate errors will be ignored for this session
1626214738571	Marionette	INFO	Stopped listening on port 53696

###!!! [Child][RunMessage] Error: Channel closing: too late to send/recv, messages will be lost

"--marionette" "-foreground" "-no-remote" "-profile" "C:\\Users\\Stark\\AppData\\Local\\Temp\\rust_mozprofilefnR50w"
1626214723653	Marionette	INFO	Marionette enabled
console.warn: SearchSettings: "get: No settings file exists, new profile?" (new Error("", "(unknown module)"))
1626214726081	Marionette	INFO	Listening on port 58057
1626214726458	Marionette	WARN	TLS certificate errors will be ignored for this session
1626214728651	Marionette	INFO	Stopped listening on port 58057
1626214740554	geckodriver	INFO	Listening on 127.0.0.1:49705
1626214743634	mozrunner::runner	INFO	Running command: "C:\\Program Files\\Mozilla Firefox\\firefox.exe" "--marionette" "-foreground" "-no-remote" "-profile" "C:\\Users\\Stark\\AppData\\Local\\Temp\\rust_mozprofilexg11ds"
1626214744069	Marionette	INFO	Marionette enabled
console.warn: SearchSettings: "get: No settings file exists, new profile?" (new Error("", "(unknown module)"))
1626214746285	Marionette	INFO	Listening on port 63130
1626214746353	Marionette	WARN	TLS certificate errors will be ignored for this session
1626214748560	Marionette	INFO	Stopped listening on port 63130

###!!! [Child][RunMessage] Error: Channel closing: too late to send/recv, messages will be lost

1626214749226	geckodriver	INFO	Listening on 127.0.0.1:58939
1626214752313	mozrunner::runner	INFO	Running command: "C:\\Program Files\\Mozilla Firefox\\firefox.exe" "--marionette" "-foreground" "-no-remote" "-profile" "C:\\Users\\Stark\\AppData\\Local\\Temp\\rust_mozprofileObuvRq"
1626214752730	Marionette	INFO	Marionette enabled
console.warn: SearchSettings: "get: No settings file exists, new profile?" (new Error("", "(unknown module)"))
1626214755000	Marionette	INFO	Listening on port 60808
1626214755519	Marionette	WARN	TLS certificate errors will be ignored for this session
1626214757672	Marionette	INFO	Stopped listening on port 60808
1626214758344	geckodriver	INFO	Listening on 127.0.0.1:52799
1626214761418	mozrunner::runner	INFO	Running command: "C:\\Program Files\\Mozilla Firefox\\firefox.exe" "--marionette" "-foreground" "-no-remote" "-profile" "C:\\Users\\Stark\\AppData\\Local\\Temp\\rust_mozprofile0rJ2BV"
1626214761833	Marionette	INFO	Marionette enabled
console.warn: SearchSettings: "get: No settings file exists, new profile?" (new Error("", "(unknown module)"))
1626214764025	Marionette	INFO	Listening on port 55164
1626214764125	Marionette	WARN	TLS certificate errors will be ignored for this session
1626214766351	Marionette	INFO	Stopped listening on port 55164

###!!! [Child][RunMessage] Error: Channel closing: too late to send/recv, messages will be lost

1626214767134	geckodriver	INFO	Listening on 127.0.0.1:57319
1626214770213	mozrunner::runner	INFO	Running command: "C:\\Program Files\\Mozilla Firefox\\firefox.exe" "--marionette" "-foreground" "-no-remote" "-profile" "C:\\Users\\Stark\\AppData\\Local\\Temp\\rust_mozprofileg5DVLf"
1626214770631	Marionette	INFO	Marionette enabled
console.warn: SearchSettings: "get: No settings file exists, new profile?" (new Error("", "(unknown module)"))
1626214772856	Marionette	INFO	Listening on port 62498
1626214772913	Marionette	WARN	TLS certificate errors will be ignored for this session
1626214775178	Marionette	INFO	Stopped listening on port 62498

###!!! [Child][RunMessage] Error: Channel closing: too late to send/recv, messages will be lost

1626214895560	geckodriver	INFO	Listening on 127.0.0.1:63008
1626214898608	mozrunner::runner	INFO	Running command: "C:\\Program Files\\Mozilla Firefox\\firefox.exe" "--marionette" "-foreground" "-no-remote" "-profile" "C:\\Users\\Stark\\AppData\\Local\\Temp\\rust_mozprofileqZ0UIr"
1626214899011	Marionette	INFO	Marionette enabled
console.warn: SearchSettings: "get: No settings file exists, new profile?" (new Error("", "(unknown module)"))
1626214901282	Marionette	INFO	Listening on port 59294
1626214901316	Marionette	WARN	TLS certificate errors will be ignored for this session
1626214903500	Marionette	INFO	Stopped listening on port 59294

###!!! [Child][RunMessage] Error: Channel closing: too late to send/recv, messages will be lost

1626214904162	geckodriver	INFO	Listening on 127.0.0.1:53159
1626214907216	mozrunner::runner	INFO	Running command: "C:\\Program Files\\Mozilla Firefox\\firefox.exe" "--marionette" "-foreground" "-no-remote" "-profile" "C:\\Users\\Stark\\AppData\\Local\\Temp\\rust_mozprofilenRBosj"
1626214907639	Marionette	INFO	Marionette enabled
console.warn: SearchSettings: "get: No settings file exists, new profile?" (new Error("", "(unknown module)"))
1626214909930	Marionette	INFO	Listening on port 55737
1626214910408	Marionette	WARN	TLS certificate errors will be ignored for this session
1626214912613	Marionette	INFO	Stopped listening on port 55737
JavaScript error: resource://gre/modules/UrlClassifierListManager.jsm, line 691: TypeError: this.tablesData[table] is undefined

###!!! [Child][RunMessage] Error: Channel closing: too late to send/recv, messages will be lost

1626214913295	geckodriver	INFO	Listening on 127.0.0.1:58469
1626214916349	mozrunner::runner	INFO	Running command: "C:\\Program Files\\Mozilla Firefox\\firefox.exe" "--marionette" "-foreground" "-no-remote" "-profile" "C:\\Users\\Stark\\AppData\\Local\\Temp\\rust_mozprofile7vylKZ"
1626214916766	Marionette	INFO	Marionette enabled
console.warn: SearchSettings: "get: No settings file exists, new profile?" (new Error("", "(unknown module)"))
1626214919042	Marionette	INFO	Listening on port 57787
1626214919553	Marionette	WARN	TLS certificate errors will be ignored for this session
1626214921727	Marionette	INFO	Stopped listening on port 57787

###!!! [Child][RunMessage] Error: Channel closing: too late to send/recv, messages will be lost

1626214922513	geckodriver	INFO	Listening on 127.0.0.1:59796
1626214925579	mozrunner::runner	INFO	Running command: "C:\\Program Files\\Mozilla Firefox\\firefox.exe" "--marionette" "-foreground" "-no-remote" "-profile" "C:\\Users\\Stark\\AppData\\Local\\Temp\\rust_mozprofilezOjMGq"
1626214926010	Marionette	INFO	Marionette enabled
console.warn: SearchSettings: "get: No settings file exists, new profile?" (new Error("", "(unknown module)"))
1626214928251	Marionette	INFO	Listening on port 60067
1626214928288	Marionette	WARN	TLS certificate errors will be ignored for this session
[Parent 20040, IPC I/O Parent] WARNING: file /builds/worker/checkouts/gecko/ipc/chromium/src/base/process_util_win.cc:167
1626214930534	Marionette	INFO	Stopped listening on port 60067

###!!! [Child][RunMessage] Error: Channel closing: too late to send/recv, messages will be lost

1626214986533	geckodriver	INFO	Listening on 127.0.0.1:50744
1626214989612	mozrunner::runner	INFO	Running command: "C:\\Program Files\\Mozilla Firefox\\firefox.exe" "--marionette" "-foreground" "-no-remote" "-profile" "C:\\Users\\Stark\\AppData\\Local\\Temp\\rust_mozprofileddiJiM"
1626214990039	Marionette	INFO	Marionette enabled
console.warn: SearchSettings: "get: No settings file exists, new profile?" (new Error("", "(unknown module)"))
1626214992315	Marionette	INFO	Listening on port 64387
1626214992840	Marionette	WARN	TLS certificate errors will be ignored for this session
1626214999014	Marionette	INFO	Stopped listening on port 64387

###!!! [Child][RunMessage] Error: Channel closing: too late to send/recv, messages will be lost

1626215006349	geckodriver	INFO	Listening on 127.0.0.1:59864
1626215009447	mozrunner::runner	INFO	Running command: "C:\\Program Files\\Mozilla Firefox\\firefox.exe" "--marionette" "-foreground" "-no-remote" "-profile" "C:\\Users\\Stark\\AppData\\Local\\Temp\\rust_mozprofileZjaocH"
1626215009854	Marionette	INFO	Marionette enabled
console.warn: SearchSettings: "get: No settings file exists, new profile?" (new Error("", "(unknown module)"))
1626215012106	Marionette	INFO	Listening on port 63852
1626215012144	Marionette	WARN	TLS certificate errors will be ignored for this session
1626215031924	Marionette	INFO	Stopped listening on port 63852

###!!! [Child][RunMessage] Error: Channel closing: too late to send/recv, messages will be lost

1626215033716	geckodriver	INFO	Listening on 127.0.0.1:59933
1626215036806	mozrunner::runner	INFO	Running command: "C:\\Program Files\\Mozilla Firefox\\firefox.exe" "--marionette" "-foreground" "-no-remote" "-profile" "C:\\Users\\Stark\\AppData\\Local\\Temp\\rust_mozprofileTHpvxB"
1626215037212	Marionette	INFO	Marionette enabled
console.warn: SearchSettings: "get: No settings file exists, new profile?" (new Error("", "(unknown module)"))
1626215039365	Marionette	INFO	Listening on port 57542
1626215039511	Marionette	WARN	TLS certificate errors will be ignored for this session
[Parent 19396, IPC I/O Parent] WARNING: file /builds/worker/checkouts/gecko/ipc/chromium/src/base/process_util_win.cc:167
1626215046522	Marionette	INFO	Stopped listening on port 57542

###!!! [Child][RunMessage] Error: Channel closing: too late to send/recv, messages will be lost

1626215051356	geckodriver	INFO	Listening on 127.0.0.1:53122
1626215054434	mozrunner::runner	INFO	Running command: "C:\\Program Files\\Mozilla Firefox\\firefox.exe" "--marionette" "-foreground" "-no-remote" "-profile" "C:\\Users\\Stark\\AppData\\Local\\Temp\\rust_mozprofileLvGfNS"
1626215054838	Marionette	INFO	Marionette enabled
console.warn: SearchSettings: "get: No settings file exists, new profile?" (new Error("", "(unknown module)"))
1626215057119	Marionette	INFO	Listening on port 49444
1626215057648	Marionette	WARN	TLS certificate errors will be ignored for this session
1626215093125	Marionette	INFO	Stopped listening on port 49444

###!!! [Child][RunMessage] Error: Channel closing: too late to send/recv, messages will be lost

1626215230123	geckodriver	INFO	Listening on 127.0.0.1:51876
1626215233212	mozrunner::runner	INFO	Running command: "C:\\Program Files\\Mozilla Firefox\\firefox.exe" "--marionette" "-foreground" "-no-remote" "-profile" "C:\\Users\\Stark\\AppData\\Local\\Temp\\rust_mozprofileBtLEnA"
1626215233638	Marionette	INFO	Marionette enabled
console.warn: SearchSettings: "get: No settings file exists, new profile?" (new Error("", "(unknown module)"))
1626215235934	Marionette	INFO	Listening on port 57496
1626215236448	Marionette	WARN	TLS certificate errors will be ignored for this session
1626215238607	Marionette	INFO	Stopped listening on port 57496
1626215239281	geckodriver	INFO	Listening on 127.0.0.1:58930
1626215242344	mozrunner::runner	INFO	Running command: "C:\\Program Files\\Mozilla Firefox\\firefox.exe" "--marionette" "-foreground" "-no-remote" "-profile" "C:\\Users\\Stark\\AppData\\Local\\Temp\\rust_mozprofilecM5xfW"
1626215242764	Marionette	INFO	Marionette enabled
console.warn: SearchSettings: "get: No settings file exists, new profile?" (new Error("", "(unknown module)"))
1626215244971	Marionette	INFO	Listening on port 63007
1626215245061	Marionette	WARN	TLS certificate errors will be ignored for this session
1626215247255	Marionette	INFO	Stopped listening on port 63007

###!!! [Child][RunMessage] Error: Channel closing: too late to send/recv, messages will be lost

1626215247929	geckodriver	INFO	Listening on 127.0.0.1:56627
1626215250979	mozrunner::runner	INFO	Running command: "C:\\Program Files\\Mozilla Firefox\\firefox.exe" "--marionette" "-foreground" "-no-remote" "-profile" "C:\\Users\\Stark\\AppData\\Local\\Temp\\rust_mozprofileOB6Y7M"
1626215251394	Marionette	INFO	Marionette enabled
console.warn: SearchSettings: "get: No settings file exists, new profile?" (new Error("", "(unknown module)"))
1626215253519	Marionette	INFO	Listening on port 65314
1626215253697	Marionette	WARN	TLS certificate errors will be ignored for this session
1626215255915	Marionette	INFO	Stopped listening on port 65314

###!!! [Child][RunMessage] Error: Channel closing: too late to send/recv, messages will be lost

1626215256711	geckodriver	INFO	Listening on 127.0.0.1:64509
1626215259771	mozrunner::runner	INFO	Running command: "C:\\Program Files\\Mozilla Firefox\\firefox.exe" "--marionette" "-foreground" "-no-remote" "-profile" "C:\\Users\\Stark\\AppData\\Local\\Temp\\rust_mozprofilewsawPJ"
1626215260188	Marionette	INFO	Marionette enabled
console.warn: SearchSettings: "get: No settings file exists, new profile?" (new Error("", "(unknown module)"))
1626215262373	Marionette	INFO	Listening on port 63791
1626215262470	Marionette	WARN	TLS certificate errors will be ignored for this session
1626215264737	Marionette	INFO	Stopped listening on port 63791

###!!! [Child][RunMessage] Error: Channel closing: too late to send/recv, messages will be lost

1626215732834	geckodriver	INFO	Listening on 127.0.0.1:54194
1626215735916	mozrunner::runner	INFO	Running command: "C:\\Program Files\\Mozilla Firefox\\firefox.exe" "--marionette" "-foreground" "-no-remote" "-profile" "C:\\Users\\Stark\\AppData\\Local\\Temp\\rust_mozprofiledrMMUl"
1626215736338	Marionette	INFO	Marionette enabled
console.warn: SearchSettings: "get: No settings file exists, new profile?" (new Error("", "(unknown module)"))
1626215738843	Marionette	INFO	Listening on port 63592
1626215739124	Marionette	WARN	TLS certificate errors will be ignored for this session
1626215741286	Marionette	INFO	Stopped listening on port 63592

###!!! [Child][RunMessage] Error: Channel closing: too late to send/recv, messages will be lost

1626215741967	geckodriver	INFO	Listening on 127.0.0.1:55795
1626215745030	mozrunner::runner	INFO	Running command: "C:\\Program Files\\Mozilla Firefox\\firefox.exe" "--marionette" "-foreground" "-no-remote" "-profile" "C:\\Users\\Stark\\AppData\\Local\\Temp\\rust_mozprofileLTq6p2"
1626215745441	Marionette	INFO	Marionette enabled
console.warn: SearchSettings: "get: No settings file exists, new profile?" (new Error("", "(unknown module)"))
1626215747663	Marionette	INFO	Listening on port 51933
1626215747768	Marionette	WARN	TLS certificate errors will be ignored for this session
1626215749997	Marionette	INFO	Stopped listening on port 51933
JavaScript error: resource://gre/modules/UrlClassifierListManager.jsm, line 691: TypeError: this.tablesData[table] is undefined

###!!! [Child][RunMessage] Error: Channel closing: too late to send/recv, messages will be lost

1626215750692	geckodriver	INFO	Listening on 127.0.0.1:50245
1626215753752	mozrunner::runner	INFO	Running command: "C:\\Program Files\\Mozilla Firefox\\firefox.exe" "--marionette" "-foreground" "-no-remote" "-profile" "C:\\Users\\Stark\\AppData\\Local\\Temp\\rust_mozprofileJeN83g"
1626215754166	Marionette	INFO	Marionette enabled
console.warn: SearchSettings: "get: No settings file exists, new profile?" (new Error("", "(unknown module)"))
1626215756577	Marionette	INFO	Listening on port 56432
1626215756953	Marionette	WARN	TLS certificate errors will be ignored for this session
1626215759103	Marionette	INFO	Stopped listening on port 56432
JavaScript error: resource://gre/modules/UrlClassifierListManager.jsm, line 691: TypeError: this.tablesData[table] is undefined

###!!! [Child][RunMessage] Error: Channel closing: too late to send/recv, messages will be lost

1626215760056	geckodriver	INFO	Listening on 127.0.0.1:64626
1626215763141	mozrunner::runner	INFO	Running command: "C:\\Program Files\\Mozilla Firefox\\firefox.exe" "--marionette" "-foreground" "-no-remote" "-profile" "C:\\Users\\Stark\\AppData\\Local\\Temp\\rust_mozprofilefF1KlU"
1626215763551	Marionette	INFO	Marionette enabled
console.warn: SearchSettings: "get: No settings file exists, new profile?" (new Error("", "(unknown module)"))
1626215765726	Marionette	INFO	Listening on port 49680
1626215765837	Marionette	WARN	TLS certificate errors will be ignored for this session
1626215768087	Marionette	INFO	Stopped listening on port 49680
1626216327173	geckodriver	INFO	Listening on 127.0.0.1:53871
1626216330216	mozrunner::runner	INFO	Running command: "C:\\Program Files\\Mozilla Firefox\\firefox.exe" "--marionette" "-foreground" "-no-remote" "-profile" "C:\\Users\\Stark\\AppData\\Local\\Temp\\rust_mozprofilefhJL8c"
1626216330628	Marionette	INFO	Marionette enabled
console.warn: SearchSettings: "get: No settings file exists, new profile?" (new Error("", "(unknown module)"))
1626216332989	Marionette	INFO	Listening on port 54562
1626216333414	Marionette	WARN	TLS certificate errors will be ignored for this session
1626216335601	Marionette	INFO	Stopped listening on port 54562

###!!! [Child][RunMessage] Error: Channel closing: too late to send/recv, messages will be lost

1626216336268	geckodriver	INFO	Listening on 127.0.0.1:52426
1626216339339	mozrunner::runner	INFO	Running command: "C:\\Program Files\\Mozilla Firefox\\firefox.exe" "--marionette" "-foreground" "-no-remote" "-profile" "C:\\Users\\Stark\\AppData\\Local\\Temp\\rust_mozprofileJjGeXv"
1626216339767	Marionette	INFO	Marionette enabled
console.warn: SearchSettings: "get: No settings file exists, new profile?" (new Error("", "(unknown module)"))
1626216342006	Marionette	INFO	Listening on port 60367
1626216342047	Marionette	WARN	TLS certificate errors will be ignored for this session
1626216344272	Marionette	INFO	Stopped listening on port 60367

###!!! [Child][RunMessage] Error: Channel closing: too late to send/recv, messages will be lost

1626216344956	geckodriver	INFO	Listening on 127.0.0.1:60602
1626216348035	mozrunner::runner	INFO	Running command: "C:\\Program Files\\Mozilla Firefox\\firefox.exe" "--marionette" "-foreground" "-no-remote" "-profile" "C:\\Users\\Stark\\AppData\\Local\\Temp\\rust_mozprofileSCIrbj"
1626216348449	Marionette	INFO	Marionette enabled
console.warn: SearchSettings: "get: No settings file exists, new profile?" (new Error("", "(unknown module)"))
1626216350641	Marionette	INFO	Listening on port 56624
1626216350744	Marionette	WARN	TLS certificate errors will be ignored for this session
1626216352928	Marionette	INFO	Stopped listening on port 56624
[Parent 19792, IPC I/O Parent] WARNING: file /builds/worker/checkouts/gecko/ipc/chromium/src/base/process_util_win.cc:167
1626216353706	geckodriver	INFO	Listening on 127.0.0.1:55272
1626216356776	mozrunner::runner	INFO	Running command: "C:\\Program Files\\Mozilla Firefox\\firefox.exe" "--marionette" "-foreground" "-no-remote" "-profile" "C:\\Users\\Stark\\AppData\\Local\\Temp\\rust_mozprofileipPCxK"
1626216357205	Marionette	INFO	Marionette enabled
console.warn: SearchSettings: "get: No settings file exists, new profile?" (new Error("", "(unknown module)"))
1626216359411	Marionette	INFO	Listening on port 58275
1626216359478	Marionette	WARN	TLS certificate errors will be ignored for this session
1626216361694	Marionette	INFO	Stopped listening on port 58275
1626216554133	geckodriver	INFO	Listening on 127.0.0.1:54242
1626216557192	mozrunner::runner	INFO	Running command: "C:\\Program Files\\Mozilla Firefox\\firefox.exe" "--marionette" "-foreground" "-no-remote" "-profile" "C:\\Users\\Stark\\AppData\\Local\\Temp\\rust_mozprofileJ20DV1"
1626216557616	Marionette	INFO	Marionette enabled
console.warn: SearchSettings: "get: No settings file exists, new profile?" (new Error("", "(unknown module)"))
1626216559811	Marionette	INFO	Listening on port 55838
1626216559908	Marionette	WARN	TLS certificate errors will be ignored for this session
1626216562133	Marionette	INFO	Stopped listening on port 55838

###!!! [Child][RunMessage] Error: Channel closing: too late to send/recv, messages will be lost

1626216562796	geckodriver	INFO	Listening on 127.0.0.1:53026
1626216565884	mozrunner::runner	INFO	Running command: "C:\\Program Files\\Mozilla Firefox\\firefox.exe" "--marionette" "-foreground" "-no-remote" "-profile" "C:\\Users\\Stark\\AppData\\Local\\Temp\\rust_mozprofilehhxCpQ"
1626216566310	Marionette	INFO	Marionette enabled
console.warn: SearchSettings: "get: No settings file exists, new profile?" (new Error("", "(unknown module)"))
1626216568590	Marionette	INFO	Listening on port 60032
1626216569088	Marionette	WARN	TLS certificate errors will be ignored for this session
1626216571194	Marionette	INFO	Stopped listening on port 60032

###!!! [Child][RunMessage] Error: Channel closing: too late to send/recv, messages will be lost

1626216571890	geckodriver	INFO	Listening on 127.0.0.1:54663
1626216574946	mozrunner::runner	INFO	Running command: "C:\\Program Files\\Mozilla Firefox\\firefox.exe" "--marionette" "-foreground" "-no-remote" "-profile" "C:\\Users\\Stark\\AppData\\Local\\Temp\\rust_mozprofileFuizVr"
1626216575358	Marionette	INFO	Marionette enabled
console.warn: SearchSettings: "get: No settings file exists, new profile?" (new Error("", "(unknown module)"))
1626216577637	Marionette	INFO	Listening on port 59906
1626216578157	Marionette	WARN	TLS certificate errors will be ignored for this session
1626216580315	Marionette	INFO	Stopped listening on port 59906

###!!! [Child][RunMessage] Error: Channel closing: too late to send/recv, messages will be lost

1626216581093	geckodriver	INFO	Listening on 127.0.0.1:59349
1626216584137	mozrunner::runner	INFO	Running command: "C:\\Program Files\\Mozilla Firefox\\firefox.exe" "--marionette" "-foreground" "-no-remote" "-profile" "C:\\Users\\Stark\\AppData\\Local\\Temp\\rust_mozprofileSaR6z9"
1626216584587	Marionette	INFO	Marionette enabled
console.warn: SearchSettings: "get: No settings file exists, new profile?" (new Error("", "(unknown module)"))
1626216586807	Marionette	INFO	Listening on port 61870
1626216586861	Marionette	WARN	TLS certificate errors will be ignored for this session
1626216589128	Marionette	INFO	Stopped listening on port 61870

###!!! [Child][RunMessage] Error: Channel closing: too late to send/recv, messages will be lost

1626217010599	geckodriver	INFO	Listening on 127.0.0.1:56766
1626217013672	mozrunner::runner	INFO	Running command: "C:\\Program Files\\Mozilla Firefox\\firefox.exe" "--marionette" "-foreground" "-no-remote" "-profile" "C:\\Users\\Stark\\AppData\\Local\\Temp\\rust_mozprofile8c7DKo"
1626217014108	Marionette	INFO	Marionette enabled
console.warn: SearchSettings: "get: No settings file exists, new profile?" (new Error("", "(unknown module)"))
1626217016464	Marionette	INFO	Listening on port 62116
1626217016859	Marionette	WARN	TLS certificate errors will be ignored for this session
1626217024353	geckodriver	INFO	Listening on 127.0.0.1:53984
1626217027459	mozrunner::runner	INFO	Running command: "C:\\Program Files\\Mozilla Firefox\\firefox.exe" "--marionette" "-foreground" "-no-remote" "-profile" "C:\\Users\\Stark\\AppData\\Local\\Temp\\rust_mozprofileLTz6I9"
1626217027892	Marionette	INFO	Marionette enabled
console.warn: SearchSettings: "get: No settings file exists, new profile?" (new Error("", "(unknown module)"))
1626217030471	Marionette	INFO	Listening on port 59435
1626217030660	Marionette	WARN	TLS certificate errors will be ignored for this session
1626217035969	geckodriver	INFO	Listening on 127.0.0.1:63125
1626217039038	mozrunner::runner	INFO	Running command: "C:\\Program Files\\Mozilla Firefox\\firefox.exe" "--marionette" "-foreground" "-no-remote" "-profile" "C:\\Users\\Stark\\AppData\\Local\\Temp\\rust_mozprofile0hxtyR"
1626217039460	Marionette	INFO	Marionette enabled
console.warn: SearchSettings: "get: No settings file exists, new profile?" (new Error("", "(unknown module)"))
1626217041823	Marionette	INFO	Listening on port 57990
1626217042255	Marionette	WARN	TLS certificate errors will be ignored for this session
1626217136327	geckodriver	INFO	Listening on 127.0.0.1:56209
1626217139429	mozrunner::runner	INFO	Running command: "C:\\Program Files\\Mozilla Firefox\\firefox.exe" "--marionette" "-foreground" "-no-remote" "-profile" "C:\\Users\\Stark\\AppData\\Local\\Temp\\rust_mozprofileJg6jeL"
1626217139879	Marionette	INFO	Marionette enabled
console.warn: SearchSettings: "get: No settings file exists, new profile?" (new Error("", "(unknown module)"))
1626217142307	Marionette	INFO	Listening on port 55005
1626217142638	Marionette	WARN	TLS certificate errors will be ignored for this session
1626217150529	Marionette	INFO	Stopped listening on port 55005

###!!! [Child][RunMessage] Error: Channel closing: too late to send/recv, messages will be lost

1626217151853	geckodriver	INFO	Listening on 127.0.0.1:50126
1626217154960	mozrunner::runner	INFO	Running command: "C:\\Program Files\\Mozilla Firefox\\firefox.exe" "--marionette" "-foreground" "-no-remote" "-profile" "C:\\Users\\Stark\\AppData\\Local\\Temp\\rust_mozprofile6DKVuu"
1626217155385	Marionette	INFO	Marionette enabled
console.warn: SearchSettings: "get: No settings file exists, new profile?" (new Error("", "(unknown module)"))
1626217157633	Marionette	INFO	Listening on port 54943
1626217158153	Marionette	WARN	TLS certificate errors will be ignored for this session
1626217169373	Marionette	WARN	TimedPromise timed out after 500 ms: stacktrace:
TimedPromise/<@chrome://marionette/content/sync.js:237:19
TimedPromise@chrome://marionette/content/sync.js:222:10
interaction.flushEventLoop@chrome://marionette/content/interaction.js:431:10
webdriverClickElement@chrome://marionette/content/interaction.js:179:31
1626217171117	Marionette	INFO	Stopped listening on port 54943

###!!! [Child][RunMessage] Error: Channel closing: too late to send/recv, messages will be lost

1626217172563	geckodriver	INFO	Listening on 127.0.0.1:58615
1626217175642	mozrunner::runner	INFO	Running command: "C:\\Program Files\\Mozilla Firefox\\firefox.exe" "--marionette" "-foreground" "-no-remote" "-profile" "C:\\Users\\Stark\\AppData\\Local\\Temp\\rust_mozprofileQOEp3m"
1626217176065	Marionette	INFO	Marionette enabled
console.warn: SearchSettings: "get: No settings file exists, new profile?" (new Error("", "(unknown module)"))
1626217178473	Marionette	INFO	Listening on port 52512
1626217178854	Marionette	WARN	TLS certificate errors will be ignored for this session
1626217185231	Marionette	INFO	Stopped listening on port 52512

###!!! [Child][RunMessage] Error: Channel closing: too late to send/recv, messages will be lost

1626217188181	geckodriver	INFO	Listening on 127.0.0.1:63302
1626217191273	mozrunner::runner	INFO	Running command: "C:\\Program Files\\Mozilla Firefox\\firefox.exe" "--marionette" "-foreground" "-no-remote" "-profile" "C:\\Users\\Stark\\AppData\\Local\\Temp\\rust_mozprofilesqtK03"
1626217191702	Marionette	INFO	Marionette enabled
console.warn: SearchSettings: "get: No settings file exists, new profile?" (new Error("", "(unknown module)"))
1626217193986	Marionette	INFO	Listening on port 51087
1626217194475	Marionette	WARN	TLS certificate errors will be ignored for this session
1626217255780	Marionette	INFO	Stopped listening on port 51087

###!!! [Child][RunMessage] Error: Channel closing: too late to send/recv, messages will be lost

1626217467993	geckodriver	INFO	Listening on 127.0.0.1:58561
1626217471078	mozrunner::runner	INFO	Running command: "C:\\Program Files\\Mozilla Firefox\\firefox.exe" "--marionette" "-foreground" "-no-remote" "-profile" "C:\\Users\\Stark\\AppData\\Local\\Temp\\rust_mozprofilem3V0V7"
1626217471537	Marionette	INFO	Marionette enabled
console.warn: SearchSettings: "get: No settings file exists, new profile?" (new Error("", "(unknown module)"))
1626217473932	Marionette	INFO	Listening on port 50565
1626217474293	Marionette	WARN	TLS certificate errors will be ignored for this session
1626217495001	Marionette	INFO	Stopped listening on port 50565

###!!! [Child][RunMessage] Error: Channel closing: too late to send/recv, messages will be lost

"--marionette" "-foreground" "-no-remote" "-profile" "C:\\Users\\Stark\\AppData\\Local\\Temp\\rust_mozprofileP27jqx"
1626217480062	Marionette	INFO	Marionette enabled
console.warn: SearchSettings: "get: No settings file exists, new profile?" (new Error("", "(unknown module)"))
1626217482528	Marionette	INFO	Listening on port 65370
1626217482852	Marionette	WARN	TLS certificate errors will be ignored for this session
1626217493960	Marionette	INFO	Stopped listening on port 65370
6217488119	mozrunner::runner	INFO	Running command: "C:\\Program Files\\Mozilla Firefox\\firefox.exe" "--marionette" "-foreground" "-no-remote" "-profile" "C:\\Users\\Stark\\AppData\\Local\\Temp\\rust_mozprofilehtSFA0"
1626217488559	Marionette	INFO	Marionette enabled
console.warn: SearchSettings: "get: No settings file exists, new profile?" (new Error("", "(unknown module)"))
1626217491136	Marionette	INFO	Listening on port 55231
1626217491305	Marionette	WARN	TLS certificate errors will be ignored for this session
1626217492717	Marionette	INFO	Stopped listening on port 55231

###!!! [Child][RunMessage] Error: Channel closing: too late to send/recv, messages will be lost

1626217493433	geckodriver	INFO	Listening on 127.0.0.1:53524
1626217741432	geckodriver	INFO	Listening on 127.0.0.1:50852
1626217744497	mozrunner::runner	INFO	Running command: "C:\\Program Files\\Mozilla Firefox\\firefox.exe" "--marionette" "-foreground" "-no-remote" "-profile" "C:\\Users\\Stark\\AppData\\Local\\Temp\\rust_mozprofilelCpby9"
1626217744946	Marionette	INFO	Marionette enabled
console.warn: SearchSettings: "get: No settings file exists, new profile?" (new Error("", "(unknown module)"))
1626217747578	Marionette	INFO	Listening on port 52092
1626217747723	Marionette	WARN	TLS certificate errors will be ignored for this session
1626217749858	Marionette	INFO	Stopped listening on port 52092

###!!! [Child][RunMessage] Error: Channel closing: too late to send/recv, messages will be lost

1626217783187	geckodriver	INFO	Listening on 127.0.0.1:51894
1626217786281	mozrunner::runner	INFO	Running command: "C:\\Program Files\\Mozilla Firefox\\firefox.exe" "--marionette" "-foreground" "-no-remote" "-profile" "C:\\Users\\Stark\\AppData\\Local\\Temp\\rust_mozprofileWmL8NH"
1626217786694	Marionette	INFO	Marionette enabled
console.warn: SearchSettings: "get: No settings file exists, new profile?" (new Error("", "(unknown module)"))
1626217788990	Marionette	INFO	Listening on port 63198
1626217789498	Marionette	WARN	TLS certificate errors will be ignored for this session
1626217801981	geckodriver	INFO	Listening on 127.0.0.1:64349
1626217805050	mozrunner::runner	INFO	Running command: "C:\\Program Files\\Mozilla Firefox\\firefox.exe" "--marionette" "-foreground" "-no-remote" "-profile" "C:\\Users\\Stark\\AppData\\Local\\Temp\\rust_mozprofileV4owKk"
1626217805467	Marionette	INFO	Marionette enabled
console.warn: SearchSettings: "get: No settings file exists, new profile?" (new Error("", "(unknown module)"))
1626217807729	Marionette	INFO	Listening on port 57211
1626217807803	Marionette	WARN	TLS certificate errors will be ignored for this session
1626217809978	Marionette	INFO	Stopped listening on port 57211
1626217810653	geckodriver	INFO	Listening on 127.0.0.1:49318
1626217813739	mozrunner::runner	INFO	Running command: "C:\\Program Files\\Mozilla Firefox\\firefox.exe" "--marionette" "-foreground" "-no-remote" "-profile" "C:\\Users\\Stark\\AppData\\Local\\Temp\\rust_mozprofileEw41GC"
1626217814174	Marionette	INFO	Marionette enabled
console.warn: SearchSettings: "get: No settings file exists, new profile?" (new Error("", "(unknown module)"))
1626217816438	Marionette	INFO	Listening on port 63005
1626217816971	Marionette	WARN	TLS certificate errors will be ignored for this session
1626217819110	Marionette	INFO	Stopped listening on port 63005
1626217819782	geckodriver	INFO	Listening on 127.0.0.1:61240
1626217822863	mozrunner::runner	INFO	Running command: "C:\\Program Files\\Mozilla Firefox\\firefox.exe" "--marionette" "-foreground" "-no-remote" "-profile" "C:\\Users\\Stark\\AppData\\Local\\Temp\\rust_mozprofileZA8exM"
1626217823281	Marionette	INFO	Marionette enabled
console.warn: SearchSettings: "get: No settings file exists, new profile?" (new Error("", "(unknown module)"))
1626217825441	Marionette	INFO	Listening on port 57708
1626217825584	Marionette	WARN	TLS certificate errors will be ignored for this session
1626217827815	Marionette	INFO	Stopped listening on port 57708
1626217828697	geckodriver	INFO	Listening on 127.0.0.1:63610
1626217831790	mozrunner::runner	INFO	Running command: "C:\\Program Files\\Mozilla Firefox\\firefox.exe" "--marionette" "-foreground" "-no-remote" "-profile" "C:\\Users\\Stark\\AppData\\Local\\Temp\\rust_mozprofilenTZ1ib"
1626217832207	Marionette	INFO	Marionette enabled
console.warn: SearchSettings: "get: No settings file exists, new profile?" (new Error("", "(unknown module)"))
1626217834632	Marionette	INFO	Listening on port 52994
1626217835011	Marionette	WARN	TLS certificate errors will be ignored for this session
1626217837230	Marionette	INFO	Stopped listening on port 52994
JavaScript error: resource://gre/modules/UrlClassifierListManager.jsm, line 691: TypeError: this.tablesData[table] is undefined

###!!! [Child][RunMessage] Error: Channel closing: too late to send/recv, messages will be lost

1626217957741	geckodriver	INFO	Listening on 127.0.0.1:63006
1626217960820	mozrunner::runner	INFO	Running command: "C:\\Program Files\\Mozilla Firefox\\firefox.exe" "--marionette" "-foreground" "-no-remote" "-profile" "C:\\Users\\Stark\\AppData\\Local\\Temp\\rust_mozprofilewAYZUI"
1626217961246	Marionette	INFO	Marionette enabled
console.warn: SearchSettings: "get: No settings file exists, new profile?" (new Error("", "(unknown module)"))
1626217963497	Marionette	INFO	Listening on port 64718
1626217964034	Marionette	WARN	TLS certificate errors will be ignored for this session
1626217966167	Marionette	INFO	Stopped listening on port 64718
1626218000604	geckodriver	INFO	Listening on 127.0.0.1:61051
1626218003690	mozrunner::runner	INFO	Running command: "C:\\Program Files\\Mozilla Firefox\\firefox.exe" "--marionette" "-foreground" "-no-remote" "-profile" "C:\\Users\\Stark\\AppData\\Local\\Temp\\rust_mozprofileTtAeG3"
1626218004102	Marionette	INFO	Marionette enabled
console.warn: SearchSettings: "get: No settings file exists, new profile?" (new Error("", "(unknown module)"))
1626218006590	Marionette	INFO	Listening on port 63012
1626218006878	Marionette	WARN	TLS certificate errors will be ignored for this session
1626218021719	Marionette	INFO	Stopped listening on port 63012

###!!! [Child][RunMessage] Error: Channel closing: too late to send/recv, messages will be lost

1626218024563	geckodriver	INFO	Listening on 127.0.0.1:49930
1626218027669	mozrunner::runner	INFO	Running command: "C:\\Program Files\\Mozilla Firefox\\firefox.exe" "--marionette" "-foreground" "-no-remote" "-profile" "C:\\Users\\Stark\\AppData\\Local\\Temp\\rust_mozprofileGszCnC"
1626218028077	Marionette	INFO	Marionette enabled
console.warn: SearchSettings: "get: No settings file exists, new profile?" (new Error("", "(unknown module)"))
1626218030496	Marionette	INFO	Listening on port 54381
1626218030837	Marionette	WARN	TLS certificate errors will be ignored for this session
1626218102764	geckodriver	INFO	Listening on 127.0.0.1:56141
1626218105826	mozrunner::runner	INFO	Running command: "C:\\Program Files\\Mozilla Firefox\\firefox.exe" "--marionette" "-foreground" "-no-remote" "-profile" "C:\\Users\\Stark\\AppData\\Local\\Temp\\rust_mozprofiles0ASoO"
1626218106245	Marionette	INFO	Marionette enabled
console.warn: SearchSettings: "get: No settings file exists, new profile?" (new Error("", "(unknown module)"))
1626218108513	Marionette	INFO	Listening on port 50304
1626218109046	Marionette	WARN	TLS certificate errors will be ignored for this session
console.log: WebExtensions: reset-default-search: starting.
console.log: WebExtensions: reset-default-search: No addons in our list are installed.
1626250710095	Marionette	INFO	Stopped listening on port 50304
ile" "C:\\Users\\Stark\\AppData\\Local\\Temp\\rust_mozprofilek22cap"
1626218124134	Marionette	INFO	Marionette enabled
console.warn: SearchSettings: "get: No settings file exists, new profile?" (new Error("", "(unknown module)"))
1626218126599	Marionette	INFO	Listening on port 52223
1626218126883	Marionette	WARN	TLS certificate errors will be ignored for this session
console.log: WebExtensions: reset-default-search: starting.
console.log: WebExtensions: reset-default-search: No addons in our list are installed.
1626250710841	Marionette	INFO	Stopped listening on port 52223
1626250898180	geckodriver	INFO	Listening on 127.0.0.1:58057
1626250901228	mozrunner::runner	INFO	Running command: "C:\\Program Files\\Mozilla Firefox\\firefox.exe" "--marionette" "-foreground" "-no-remote" "-profile" "C:\\Users\\Stark\\AppData\\Local\\Temp\\rust_mozprofile2p3U6i"
1626250901902	Marionette	INFO	Marionette enabled
console.warn: SearchSettings: "get: No settings file exists, new profile?" (new Error("", "(unknown module)"))
1626250904773	Marionette	INFO	Listening on port 54164
1626250904979	Marionette	WARN	TLS certificate errors will be ignored for this session
1626250912685	Marionette	INFO	Stopped listening on port 54164

###!!! [Child][RunMessage] Error: Channel closing: too late to send/recv, messages will be lost

1626250913406	geckodriver	INFO	Listening on 127.0.0.1:56063
1626250916483	mozrunner::runner	INFO	Running command: "C:\\Program Files\\Mozilla Firefox\\firefox.exe" "--marionette" "-foreground" "-no-remote" "-profile" "C:\\Users\\Stark\\AppData\\Local\\Temp\\rust_mozprofileg4DLop"
1626250916919	Marionette	INFO	Marionette enabled
console.warn: SearchSettings: "get: No settings file exists, new profile?" (new Error("", "(unknown module)"))
1626250919442	Marionette	INFO	Listening on port 58949
1626250919682	Marionette	WARN	TLS certificate errors will be ignored for this session
1626250927200	Marionette	INFO	Stopped listening on port 58949
1626251054248	geckodriver	INFO	Listening on 127.0.0.1:58779
1626251057338	mozrunner::runner	INFO	Running command: "C:\\Program Files\\Mozilla Firefox\\firefox.exe" "--marionette" "-foreground" "-no-remote" "-profile" "C:\\Users\\Stark\\AppData\\Local\\Temp\\rust_mozprofile7hrhjm"
1626251057793	Marionette	INFO	Marionette enabled
console.warn: SearchSettings: "get: No settings file exists, new profile?" (new Error("", "(unknown module)"))
1626251060010	Marionette	INFO	Listening on port 52004
1626251060049	Marionette	WARN	TLS certificate errors will be ignored for this session
[Parent 17364, IPC I/O Parent] WARNING: file /builds/worker/checkouts/gecko/ipc/chromium/src/base/process_util_win.cc:167
1626251118371	Marionette	INFO	Stopped listening on port 52004

###!!! [Child][RunMessage] Error: Channel closing: too late to send/recv, messages will be lost

"--marionette" "-foreground" "-no-remote" "-profile" "C:\\Users\\Stark\\AppData\\Local\\Temp\\rust_mozprofiletlkNdZ"
1626251071273	Marionette	INFO	Marionette enabled
console.warn: SearchSettings: "get: No settings file exists, new profile?" (new Error("", "(unknown module)"))
1626251073651	Marionette	INFO	Listening on port 49704
1626251074016	Marionette	WARN	TLS certificate errors will be ignored for this session
1626251081580	Marionette	INFO	Stopped listening on port 49704

###!!! [Child][RunMessage] Error: Channel closing: too late to send/recv, messages will be lost

1626251140430	geckodriver	INFO	Listening on 127.0.0.1:56441
1626251143485	mozrunner::runner	INFO	Running command: "C:\\Program Files\\Mozilla Firefox\\firefox.exe" "--marionette" "-foreground" "-no-remote" "-profile" "C:\\Users\\Stark\\AppData\\Local\\Temp\\rust_mozprofileLwTFIg"
1626251143955	Marionette	INFO	Marionette enabled
console.warn: SearchSettings: "get: No settings file exists, new profile?" (new Error("", "(unknown module)"))
1626251146360	Marionette	INFO	Listening on port 53195
1626251146706	Marionette	WARN	TLS certificate errors will be ignored for this session
1626251154320	Marionette	INFO	Stopped listening on port 53195

###!!! [Child][RunMessage] Error: Channel closing: too late to send/recv, messages will be lost

1626251155130	geckodriver	INFO	Listening on 127.0.0.1:63202
1626251158219	mozrunner::runner	INFO	Running command: "C:\\Program Files\\Mozilla Firefox\\firefox.exe" "--marionette" "-foreground" "-no-remote" "-profile" "C:\\Users\\Stark\\AppData\\Local\\Temp\\rust_mozprofilexu3EGr"
1626251158645	Marionette	INFO	Marionette enabled
console.warn: SearchSettings: "get: No settings file exists, new profile?" (new Error("", "(unknown module)"))
1626251161019	Marionette	INFO	Listening on port 62266
1626251161435	Marionette	WARN	TLS certificate errors will be ignored for this session
1626251168991	Marionette	INFO	Stopped listening on port 62266

###!!! [Child][RunMessage] Error: Channel closing: too late to send/recv, messages will be lost

